[0.010s] Invoking command in '/home/ybkim95/PyRep/LanguagePolicies_clement/ros2/build/policy_translation': CMAKE_PREFIX_PATH=/opt/ros/eloquent CONDA_PROMPT_MODIFIER=(LP) /usr/bin/cmake /home/ybkim95/PyRep/LanguagePolicies_clement/ros2/src/policy_translation -DAMENT_CMAKE_SYMLINK_INSTALL=1 -DCMAKE_INSTALL_PREFIX=/home/ybkim95/PyRep/LanguagePolicies_clement/ros2/install/policy_translation
[0.020s] -- Found ament_cmake: 0.8.3 (/opt/ros/eloquent/share/ament_cmake/cmake)
[0.039s] -- Found PythonInterp: /home/ybkim95/anaconda3/envs/LP/bin/python3 (found suitable version "3.6.13", minimum required is "3") 
[0.039s] -- Using PYTHON_EXECUTABLE: /home/ybkim95/anaconda3/envs/LP/bin/python3
[0.191s] -- Override CMake install command with custom implementation using symlinks instead of copying resources
[0.196s] -- Found rosidl_default_generators: 0.8.0 (/opt/ros/eloquent/share/rosidl_default_generators/cmake)
[0.241s] -- Found rosidl_adapter: 0.8.3 (/opt/ros/eloquent/share/rosidl_adapter/cmake)
[0.289s] -- Found sensor_msgs: 0.8.1 (/opt/ros/eloquent/share/sensor_msgs/cmake)
[0.329s] -- Found PythonInterp: /home/ybkim95/anaconda3/envs/LP/bin/python3 (found version "3.6.13") 
[0.522s] -- Using single matching rosidl_typesupport_c: rosidl_typesupport_fastrtps_c
[0.579s] -- Using single matching rosidl_typesupport_cpp: rosidl_typesupport_fastrtps_cpp
[0.968s] -- Found rmw_implementation_cmake: 0.8.1 (/opt/ros/eloquent/share/rmw_implementation_cmake/cmake)
[0.988s] -- Found PythonInterp: /home/ybkim95/anaconda3/envs/LP/bin/python3 (found suitable version "3.6.13", minimum required is "3.5") 
[0.989s] -- Found python_cmake_module: 0.8.0 (/opt/ros/eloquent/share/python_cmake_module/cmake)
[1.009s] -- Found PythonLibs: /home/ybkim95/anaconda3/envs/LP/lib/libpython3.6m.so (found suitable version "3.6.13", minimum required is "3.5") 
[1.010s] -- Using PYTHON_EXECUTABLE: /home/ybkim95/anaconda3/envs/LP/bin/python3
[1.010s] -- Using PYTHON_INCLUDE_DIRS: /home/ybkim95/anaconda3/envs/LP/include/python3.6m
[1.010s] -- Using PYTHON_LIBRARIES: /home/ybkim95/anaconda3/envs/LP/lib/libpython3.6m.so
[1.027s] -- Found PythonExtra: .so  
[1.311s] -- Using numpy include directory: /home/ybkim95/.local/lib/python3.6/site-packages/numpy/core/include
[1.336s] -- Found ament_lint_auto: 0.8.2 (/opt/ros/eloquent/share/ament_lint_auto/cmake)
[1.359s] -- Added test 'lint_cmake' to check CMake code style
[1.361s] -- Added test 'xmllint' to check XML markup files
[1.364s] -- Configuring done
[1.498s] CMake Warning at /opt/ros/eloquent/share/rosidl_generator_py/cmake/rosidl_generator_py_generate_interfaces.cmake:229 (add_library):
[1.499s]   Cannot generate a safe runtime search path for target
[1.499s]   policy_translation__rosidl_typesupport_fastrtps_c__pyext because files in
[1.499s]   some directories may conflict with libraries in implicit directories:
[1.499s] 
[1.499s]     runtime library [libssl.so.1.1] in /usr/lib/x86_64-linux-gnu may be hidden by files in:
[1.499s]       /home/ybkim95/anaconda3/envs/LP/lib
[1.499s]     runtime library [libcrypto.so.1.1] in /usr/lib/x86_64-linux-gnu may be hidden by files in:
[1.499s]       /home/ybkim95/anaconda3/envs/LP/lib
[1.499s] 
[1.499s]   Some of these libraries may not be found correctly.
[1.499s] Call Stack (most recent call first):
[1.499s]   /opt/ros/eloquent/share/ament_cmake_core/cmake/core/ament_execute_extensions.cmake:48 (include)
[1.499s]   /opt/ros/eloquent/share/rosidl_cmake/cmake/rosidl_generate_interfaces.cmake:286 (ament_execute_extensions)
[1.499s]   CMakeLists.txt:26 (rosidl_generate_interfaces)
[1.499s] 
[1.500s] 
[1.524s] CMake Warning at /opt/ros/eloquent/share/rosidl_generator_py/cmake/rosidl_generator_py_generate_interfaces.cmake:176 (add_library):
[1.524s]   Cannot generate a safe runtime search path for target
[1.524s]   policy_translation__python because files in some directories may conflict
[1.524s]   with libraries in implicit directories:
[1.524s] 
[1.524s]     runtime library [libssl.so.1.1] in /usr/lib/x86_64-linux-gnu may be hidden by files in:
[1.524s]       /home/ybkim95/anaconda3/envs/LP/lib
[1.524s]     runtime library [libcrypto.so.1.1] in /usr/lib/x86_64-linux-gnu may be hidden by files in:
[1.524s]       /home/ybkim95/anaconda3/envs/LP/lib
[1.524s] 
[1.524s]   Some of these libraries may not be found correctly.
[1.525s] Call Stack (most recent call first):
[1.525s]   /opt/ros/eloquent/share/ament_cmake_core/cmake/core/ament_execute_extensions.cmake:48 (include)
[1.525s]   /opt/ros/eloquent/share/rosidl_cmake/cmake/rosidl_generate_interfaces.cmake:286 (ament_execute_extensions)
[1.525s]   CMakeLists.txt:26 (rosidl_generate_interfaces)
[1.525s] 
[1.525s] 
[1.543s] CMake Warning at /opt/ros/eloquent/share/rosidl_generator_py/cmake/rosidl_generator_py_generate_interfaces.cmake:229 (add_library):
[1.543s]   Cannot generate a safe runtime search path for target
[1.543s]   policy_translation__rosidl_typesupport_c__pyext because files in some
[1.543s]   directories may conflict with libraries in implicit directories:
[1.543s] 
[1.543s]     runtime library [libssl.so.1.1] in /usr/lib/x86_64-linux-gnu may be hidden by files in:
[1.543s]       /home/ybkim95/anaconda3/envs/LP/lib
[1.543s]     runtime library [libcrypto.so.1.1] in /usr/lib/x86_64-linux-gnu may be hidden by files in:
[1.543s]       /home/ybkim95/anaconda3/envs/LP/lib
[1.544s] 
[1.544s]   Some of these libraries may not be found correctly.
[1.544s] Call Stack (most recent call first):
[1.544s]   /opt/ros/eloquent/share/ament_cmake_core/cmake/core/ament_execute_extensions.cmake:48 (include)
[1.544s]   /opt/ros/eloquent/share/rosidl_cmake/cmake/rosidl_generate_interfaces.cmake:286 (ament_execute_extensions)
[1.544s]   CMakeLists.txt:26 (rosidl_generate_interfaces)
[1.544s] 
[1.544s] 
[1.550s] -- Generating done
[1.553s] -- Build files have been written to: /home/ybkim95/PyRep/LanguagePolicies_clement/ros2/build/policy_translation
[1.556s] Invoked command in '/home/ybkim95/PyRep/LanguagePolicies_clement/ros2/build/policy_translation' returned '0': CMAKE_PREFIX_PATH=/opt/ros/eloquent CONDA_PROMPT_MODIFIER=(LP) /usr/bin/cmake /home/ybkim95/PyRep/LanguagePolicies_clement/ros2/src/policy_translation -DAMENT_CMAKE_SYMLINK_INSTALL=1 -DCMAKE_INSTALL_PREFIX=/home/ybkim95/PyRep/LanguagePolicies_clement/ros2/install/policy_translation
[1.558s] Invoking command in '/home/ybkim95/PyRep/LanguagePolicies_clement/ros2/build/policy_translation': CMAKE_PREFIX_PATH=/opt/ros/eloquent CONDA_PROMPT_MODIFIER=(LP) /usr/bin/cmake --build /home/ybkim95/PyRep/LanguagePolicies_clement/ros2/build/policy_translation -- -j12 -l12
[1.589s] [35m[1mScanning dependencies of target policy_translation__cpp[0m
[1.590s] [  2%] [34m[1mGenerating C code for ROS interfaces[0m
[1.599s] [  4%] [34m[1mGenerating C++ code for ROS interfaces[0m
[1.638s] Traceback (most recent call last):
[1.638s]   File "/opt/ros/eloquent/share/rosidl_generator_c/cmake/../../../lib/rosidl_generator_c/rosidl_generator_c", line 8, in <module>
[1.638s]     from rosidl_generator_c import generate_c
[1.639s]   File "/opt/ros/eloquent/lib/python3.6/site-packages/rosidl_generator_c/__init__.py", line 15, in <module>
[1.639s]     from rosidl_cmake import convert_camel_case_to_lower_case_underscore
[1.639s]   File "/opt/ros/eloquent/lib/python3.6/site-packages/rosidl_cmake/__init__.py", line 24, in <module>
[1.639s]     from rosidl_parser.parser import parse_idl_file
[1.639s]   File "/opt/ros/eloquent/lib/python3.6/site-packages/rosidl_parser/parser.py", line 20, in <module>
[1.639s]     from lark import Lark
[1.639s] ModuleNotFoundError: No module named 'lark'
[1.643s] CMakeFiles/policy_translation__rosidl_generator_c.dir/build.make:165: recipe for target 'rosidl_generator_c/policy_translation/srv/network_pt.h' failed
[1.643s] make[2]: *** [rosidl_generator_c/policy_translation/srv/network_pt.h] Error 1
[1.643s] make[1]: *** [CMakeFiles/policy_translation__rosidl_generator_c.dir/all] Error 2
[1.643s] make[1]: *** Waiting for unfinished jobs....
[1.643s] CMakeFiles/Makefile2:291: recipe for target 'CMakeFiles/policy_translation__rosidl_generator_c.dir/all' failed
[1.646s] Traceback (most recent call last):
[1.646s]   File "/opt/ros/eloquent/share/rosidl_generator_cpp/cmake/../../../lib/rosidl_generator_cpp/rosidl_generator_cpp", line 8, in <module>
[1.646s]     from rosidl_generator_cpp import generate_cpp
[1.646s]   File "/opt/ros/eloquent/lib/python3.6/site-packages/rosidl_generator_cpp/__init__.py", line 17, in <module>
[1.646s]     from rosidl_cmake import generate_files
[1.646s]   File "/opt/ros/eloquent/lib/python3.6/site-packages/rosidl_cmake/__init__.py", line 24, in <module>
[1.646s]     from rosidl_parser.parser import parse_idl_file
[1.646s]   File "/opt/ros/eloquent/lib/python3.6/site-packages/rosidl_parser/parser.py", line 20, in <module>
[1.646s]     from lark import Lark
[1.646s] ModuleNotFoundError: No module named 'lark'
[1.650s] CMakeFiles/policy_translation__cpp.dir/build.make:170: recipe for target 'rosidl_generator_cpp/policy_translation/srv/network_pt.hpp' failed
[1.650s] make[2]: *** [rosidl_generator_cpp/policy_translation/srv/network_pt.hpp] Error 1
[1.650s] make[1]: *** [CMakeFiles/policy_translation__cpp.dir/all] Error 2
[1.650s] CMakeFiles/Makefile2:328: recipe for target 'CMakeFiles/policy_translation__cpp.dir/all' failed
[1.651s] make: *** [all] Error 2
[1.651s] Makefile:140: recipe for target 'all' failed
[1.653s] Invoked command in '/home/ybkim95/PyRep/LanguagePolicies_clement/ros2/build/policy_translation' returned '2': CMAKE_PREFIX_PATH=/opt/ros/eloquent CONDA_PROMPT_MODIFIER=(LP) /usr/bin/cmake --build /home/ybkim95/PyRep/LanguagePolicies_clement/ros2/build/policy_translation -- -j12 -l12
